<?xml version="1.0" encoding="UTF-8"?>
<coverage generated="1691253806364" clover="3.2.0">
  <project timestamp="1691253806364" name="All files">
    <metrics statements="82" coveredstatements="74" conditionals="12" coveredconditionals="8" methods="37" coveredmethods="29" elements="131" coveredelements="111" complexity="0" loc="82" ncloc="82" packages="4" files="16" classes="16"/>
    <package name="src">
      <metrics statements="3" coveredstatements="3" conditionals="0" coveredconditionals="0" methods="0" coveredmethods="0"/>
      <file name="config.js" path="/Users/apple/Desktop/React/React Akshay/lec 4.2/src/config.js">
        <metrics statements="3" coveredstatements="3" conditionals="0" coveredconditionals="0" methods="0" coveredmethods="0"/>
        <line num="1" count="2" type="stmt"/>
        <line num="3" count="2" type="stmt"/>
        <line num="13" count="2" type="stmt"/>
      </file>
    </package>
    <package name="src.components">
      <metrics statements="42" coveredstatements="36" conditionals="12" coveredconditionals="8" methods="20" coveredmethods="16"/>
      <file name="Body.js" path="/Users/apple/Desktop/React/React Akshay/lec 4.2/src/components/Body.js">
        <metrics statements="17" coveredstatements="14" conditionals="6" coveredconditionals="5" methods="7" coveredmethods="5"/>
        <line num="13" count="1" type="stmt"/>
        <line num="15" count="13" type="stmt"/>
        <line num="16" count="12" type="stmt"/>
        <line num="17" count="12" type="stmt"/>
        <line num="20" count="12" type="stmt"/>
        <line num="22" count="12" type="stmt"/>
        <line num="23" count="5" type="stmt"/>
        <line num="27" count="12" type="stmt"/>
        <line num="29" count="12" type="cond" truecount="1" falsecount="1"/>
        <line num="30" count="0" type="stmt"/>
        <line num="34" count="12" type="cond" truecount="2" falsecount="0"/>
        <line num="44" count="1" type="stmt"/>
        <line num="50" count="1" type="stmt"/>
        <line num="51" count="1" type="stmt"/>
        <line num="60" count="0" type="stmt"/>
        <line num="67" count="0" type="stmt"/>
        <line num="83" count="49" type="stmt"/>
      </file>
      <file name="Header.js" path="/Users/apple/Desktop/React/React Akshay/lec 4.2/src/components/Header.js">
        <metrics statements="8" coveredstatements="6" conditionals="4" coveredconditionals="2" methods="5" coveredmethods="3"/>
        <line num="12" count="5" type="stmt"/>
        <line num="26" count="2" type="stmt"/>
        <line num="28" count="5" type="stmt"/>
        <line num="29" count="5" type="stmt"/>
        <line num="30" count="6" type="stmt"/>
        <line num="32" count="5" type="stmt"/>
        <line num="74" count="0" type="stmt"/>
        <line num="83" count="0" type="stmt"/>
      </file>
      <file name="RestaurantDetails.js" path="/Users/apple/Desktop/React/React Akshay/lec 4.2/src/components/RestaurantDetails.js">
        <metrics statements="11" coveredstatements="10" conditionals="2" coveredconditionals="1" methods="4" coveredmethods="4"/>
        <line num="14" count="2" type="stmt"/>
        <line num="15" count="2" type="stmt"/>
        <line num="17" count="2" type="stmt"/>
        <line num="18" count="2" type="stmt"/>
        <line num="19" count="1" type="stmt"/>
        <line num="22" count="2" type="cond" truecount="1" falsecount="1"/>
        <line num="23" count="0" type="stmt"/>
        <line num="26" count="2" type="stmt"/>
        <line num="49" count="3" type="stmt"/>
        <line num="52" count="1" type="stmt"/>
        <line num="53" count="1" type="stmt"/>
      </file>
      <file name="RestrauntCard.js" path="/Users/apple/Desktop/React/React Akshay/lec 4.2/src/components/RestrauntCard.js">
        <metrics statements="2" coveredstatements="2" conditionals="0" coveredconditionals="0" methods="1" coveredmethods="1"/>
        <line num="5" count="1" type="stmt"/>
        <line num="6" count="49" type="stmt"/>
      </file>
      <file name="Shimmer.js" path="/Users/apple/Desktop/React/React Akshay/lec 4.2/src/components/Shimmer.js">
        <metrics statements="3" coveredstatements="3" conditionals="0" coveredconditionals="0" methods="2" coveredmethods="2"/>
        <line num="3" count="2" type="stmt"/>
        <line num="4" count="6" type="stmt"/>
        <line num="9" count="108" type="stmt"/>
      </file>
      <file name="sum.js" path="/Users/apple/Desktop/React/React Akshay/lec 4.2/src/components/sum.js">
        <metrics statements="1" coveredstatements="1" conditionals="0" coveredconditionals="0" methods="1" coveredmethods="1"/>
        <line num="2" count="1" type="stmt"/>
      </file>
    </package>
    <package name="src.mocks">
      <metrics statements="2" coveredstatements="2" conditionals="0" coveredconditionals="0" methods="0" coveredmethods="0"/>
      <file name="data.js" path="/Users/apple/Desktop/React/React Akshay/lec 4.2/src/mocks/data.js">
        <metrics statements="2" coveredstatements="2" conditionals="0" coveredconditionals="0" methods="0" coveredmethods="0"/>
        <line num="1" count="2" type="stmt"/>
        <line num="2368" count="2" type="stmt"/>
      </file>
      <file name="dummyLogo.js" path="/Users/apple/Desktop/React/React Akshay/lec 4.2/src/mocks/dummyLogo.js">
        <metrics statements="0" coveredstatements="0" conditionals="0" coveredconditionals="0" methods="0" coveredmethods="0"/>
      </file>
    </package>
    <package name="src.utils">
      <metrics statements="35" coveredstatements="33" conditionals="0" coveredconditionals="0" methods="17" coveredmethods="13"/>
      <file name="cartSlice.js" path="/Users/apple/Desktop/React/React Akshay/lec 4.2/src/utils/cartSlice.js">
        <metrics statements="5" coveredstatements="3" conditionals="0" coveredconditionals="0" methods="3" coveredmethods="1"/>
        <line num="3" count="3" type="stmt"/>
        <line num="10" count="1" type="stmt"/>
        <line num="13" count="0" type="stmt"/>
        <line num="16" count="0" type="stmt"/>
        <line num="21" count="3" type="stmt"/>
      </file>
      <file name="helper.js" path="/Users/apple/Desktop/React/React Akshay/lec 4.2/src/utils/helper.js">
        <metrics statements="2" coveredstatements="2" conditionals="0" coveredconditionals="0" methods="2" coveredmethods="2"/>
        <line num="2" count="1" type="stmt"/>
        <line num="3" count="15" type="stmt"/>
      </file>
      <file name="store.js" path="/Users/apple/Desktop/React/React Akshay/lec 4.2/src/utils/store.js">
        <metrics statements="1" coveredstatements="1" conditionals="0" coveredconditionals="0" methods="0" coveredmethods="0"/>
        <line num="6" count="3" type="stmt"/>
      </file>
      <file name="useOnline.js" path="/Users/apple/Desktop/React/React Akshay/lec 4.2/src/utils/useOnline.js">
        <metrics statements="10" coveredstatements="10" conditionals="0" coveredconditionals="0" methods="5" coveredmethods="3"/>
        <line num="4" count="12" type="stmt"/>
        <line num="6" count="12" type="stmt"/>
        <line num="7" count="3" type="stmt"/>
        <line num="8" count="3" type="stmt"/>
        <line num="9" count="3" type="stmt"/>
        <line num="10" count="3" type="stmt"/>
        <line num="12" count="3" type="stmt"/>
        <line num="13" count="3" type="stmt"/>
        <line num="14" count="3" type="stmt"/>
        <line num="20" count="12" type="stmt"/>
      </file>
      <file name="useRestaurant.js" path="/Users/apple/Desktop/React/React Akshay/lec 4.2/src/utils/useRestaurant.js">
        <metrics statements="9" coveredstatements="9" conditionals="0" coveredconditionals="0" methods="4" coveredmethods="4"/>
        <line num="7" count="2" type="stmt"/>
        <line num="9" count="2" type="stmt"/>
        <line num="10" count="1" type="stmt"/>
        <line num="11" count="1" type="stmt"/>
        <line num="12" count="1" type="stmt"/>
        <line num="17" count="1" type="stmt"/>
        <line num="20" count="1" type="stmt"/>
        <line num="22" count="1" type="stmt"/>
        <line num="25" count="2" type="stmt"/>
      </file>
      <file name="useRestaurantList.js" path="/Users/apple/Desktop/React/React Akshay/lec 4.2/src/utils/useRestaurantList.js">
        <metrics statements="7" coveredstatements="7" conditionals="0" coveredconditionals="0" methods="3" coveredmethods="3"/>
        <line num="4" count="12" type="stmt"/>
        <line num="7" count="12" type="stmt"/>
        <line num="8" count="3" type="stmt"/>
        <line num="13" count="3" type="stmt"/>
        <line num="16" count="3" type="stmt"/>
        <line num="19" count="3" type="stmt"/>
        <line num="21" count="12" type="stmt"/>
      </file>
      <file name="userContext.js" path="/Users/apple/Desktop/React/React Akshay/lec 4.2/src/utils/userContext.js">
        <metrics statements="1" coveredstatements="1" conditionals="0" coveredconditionals="0" methods="0" coveredmethods="0"/>
        <line num="3" count="3" type="stmt"/>
      </file>
    </package>
  </project>
</coverage>
