{"/Users/apple/Desktop/React/React Akshay/lec 4.2/src/config.js": {"path":"/Users/apple/Desktop/React/React Akshay/lec 4.2/src/config.js","statementMap":{"0":{"start":{"line":1,"column":27},"end":{"line":1,"column":118}},"1":{"start":{"line":3,"column":30},"end":{"line":3,"column":160}},"2":{"start":{"line":13,"column":28},"end":{"line":2279,"column":3}}},"fnMap":{},"branchMap":{},"s":{"0":2,"1":2,"2":2},"f":{},"b":{},"_coverageSchema":"1a1c01bbd47fc00a2c39e90264f33305004495a9","hash":"a6d04f4e379e9472cb2036f00a0b0ab6398edcea"}
,"/Users/apple/Desktop/React/React Akshay/lec 4.2/src/components/Body.js": {"path":"/Users/apple/Desktop/React/React Akshay/lec 4.2/src/components/Body.js","statementMap":{"0":{"start":{"line":13,"column":13},"end":{"line":95,"column":1}},"1":{"start":{"line":15,"column":26},"end":{"line":15,"column":49}},"2":{"start":{"line":16,"column":38},"end":{"line":16,"column":50}},"3":{"start":{"line":17,"column":56},"end":{"line":17,"column":68}},"4":{"start":{"line":20,"column":22},"end":{"line":20,"column":41}},"5":{"start":{"line":22,"column":0},"end":{"line":24,"column":19}},"6":{"start":{"line":23,"column":2},"end":{"line":23,"column":41}},"7":{"start":{"line":27,"column":17},"end":{"line":27,"column":28}},"8":{"start":{"line":29,"column":2},"end":{"line":31,"column":3}},"9":{"start":{"line":30,"column":4},"end":{"line":30,"column":27}},"10":{"start":{"line":34,"column":2},"end":{"line":94,"column":5}},"11":{"start":{"line":44,"column":27},"end":{"line":44,"column":56}},"12":{"start":{"line":50,"column":24},"end":{"line":50,"column":61}},"13":{"start":{"line":51,"column":12},"end":{"line":51,"column":41}},"14":{"start":{"line":60,"column":26},"end":{"line":60,"column":65}},"15":{"start":{"line":67,"column":26},"end":{"line":67,"column":66}},"16":{"start":{"line":83,"column":10},"end":{"line":87,"column":12}}},"fnMap":{"0":{"name":"(anonymous_0)","decl":{"start":{"line":13,"column":13},"end":{"line":13,"column":14}},"loc":{"start":{"line":13,"column":19},"end":{"line":95,"column":1}},"line":13},"1":{"name":"(anonymous_1)","decl":{"start":{"line":22,"column":10},"end":{"line":22,"column":11}},"loc":{"start":{"line":22,"column":14},"end":{"line":24,"column":1}},"line":22},"2":{"name":"(anonymous_2)","decl":{"start":{"line":44,"column":20},"end":{"line":44,"column":21}},"loc":{"start":{"line":44,"column":27},"end":{"line":44,"column":56}},"line":44},"3":{"name":"(anonymous_3)","decl":{"start":{"line":49,"column":19},"end":{"line":49,"column":20}},"loc":{"start":{"line":49,"column":25},"end":{"line":52,"column":11}},"line":49},"4":{"name":"(anonymous_4)","decl":{"start":{"line":60,"column":20},"end":{"line":60,"column":21}},"loc":{"start":{"line":60,"column":25},"end":{"line":60,"column":66}},"line":60},"5":{"name":"(anonymous_5)","decl":{"start":{"line":67,"column":20},"end":{"line":67,"column":21}},"loc":{"start":{"line":67,"column":25},"end":{"line":67,"column":67}},"line":67},"6":{"name":"(anonymous_6)","decl":{"start":{"line":82,"column":35},"end":{"line":82,"column":36}},"loc":{"start":{"line":82,"column":51},"end":{"line":88,"column":9}},"line":82}},"branchMap":{"0":{"loc":{"start":{"line":29,"column":2},"end":{"line":31,"column":3}},"type":"if","locations":[{"start":{"line":29,"column":2},"end":{"line":31,"column":3}},{"start":{},"end":{}}],"line":29},"1":{"loc":{"start":{"line":34,"column":11},"end":{"line":94,"column":3}},"type":"cond-expr","locations":[{"start":{"line":34,"column":41},"end":{"line":34,"column":52}},{"start":{"line":35,"column":4},"end":{"line":93,"column":7}}],"line":34},"2":{"loc":{"start":{"line":76,"column":10},"end":{"line":88,"column":10}},"type":"cond-expr","locations":[{"start":{"line":76,"column":46},"end":{"line":79,"column":13}},{"start":{"line":82,"column":10},"end":{"line":88,"column":10}}],"line":76}},"s":{"0":1,"1":13,"2":12,"3":12,"4":12,"5":12,"6":5,"7":12,"8":12,"9":0,"10":12,"11":1,"12":1,"13":1,"14":0,"15":0,"16":49},"f":{"0":13,"1":5,"2":1,"3":1,"4":0,"5":0,"6":49},"b":{"0":[0,12],"1":[6,6],"2":[2,4]},"_coverageSchema":"1a1c01bbd47fc00a2c39e90264f33305004495a9","hash":"4a843dd54a7d5ce7cc09135a2dbc6d72f3a74e9c"}
,"/Users/apple/Desktop/React/React Akshay/lec 4.2/src/components/Header.js": {"path":"/Users/apple/Desktop/React/React Akshay/lec 4.2/src/components/Header.js","statementMap":{"0":{"start":{"line":12,"column":2},"end":{"line":21,"column":4}},"1":{"start":{"line":26,"column":15},"end":{"line":92,"column":1}},"2":{"start":{"line":28,"column":46},"end":{"line":28,"column":61}},"3":{"start":{"line":29,"column":19},"end":{"line":29,"column":42}},"4":{"start":{"line":30,"column":20},"end":{"line":30,"column":57}},"5":{"start":{"line":30,"column":40},"end":{"line":30,"column":56}},"6":{"start":{"line":32,"column":2},"end":{"line":91,"column":4}},"7":{"start":{"line":74,"column":14},"end":{"line":74,"column":39}},"8":{"start":{"line":83,"column":14},"end":{"line":83,"column":38}}},"fnMap":{"0":{"name":"Title","decl":{"start":{"line":11,"column":16},"end":{"line":11,"column":21}},"loc":{"start":{"line":11,"column":24},"end":{"line":22,"column":1}},"line":11},"1":{"name":"(anonymous_1)","decl":{"start":{"line":26,"column":15},"end":{"line":26,"column":16}},"loc":{"start":{"line":26,"column":21},"end":{"line":92,"column":1}},"line":26},"2":{"name":"(anonymous_2)","decl":{"start":{"line":30,"column":32},"end":{"line":30,"column":33}},"loc":{"start":{"line":30,"column":40},"end":{"line":30,"column":56}},"line":30},"3":{"name":"(anonymous_3)","decl":{"start":{"line":73,"column":21},"end":{"line":73,"column":22}},"loc":{"start":{"line":73,"column":27},"end":{"line":75,"column":13}},"line":73},"4":{"name":"(anonymous_4)","decl":{"start":{"line":82,"column":21},"end":{"line":82,"column":22}},"loc":{"start":{"line":82,"column":27},"end":{"line":84,"column":13}},"line":82}},"branchMap":{"0":{"loc":{"start":{"line":68,"column":7},"end":{"line":68,"column":169}},"type":"cond-expr","locations":[{"start":{"line":68,"column":25},"end":{"line":68,"column":82}},{"start":{"line":68,"column":87},"end":{"line":68,"column":168}}],"line":68},"1":{"loc":{"start":{"line":70,"column":9},"end":{"line":88,"column":9}},"type":"cond-expr","locations":[{"start":{"line":71,"column":10},"end":{"line":78,"column":19}},{"start":{"line":80,"column":10},"end":{"line":87,"column":19}}],"line":70}},"s":{"0":5,"1":2,"2":5,"3":5,"4":5,"5":6,"6":5,"7":0,"8":0},"f":{"0":5,"1":5,"2":6,"3":0,"4":0},"b":{"0":[0,5],"1":[0,5]},"_coverageSchema":"1a1c01bbd47fc00a2c39e90264f33305004495a9","hash":"222f577f91e1326a609b4d078e9685a27fe299c6"}
,"/Users/apple/Desktop/React/React Akshay/lec 4.2/src/components/RestaurantDetails.js": {"path":"/Users/apple/Desktop/React/React Akshay/lec 4.2/src/components/RestaurantDetails.js","statementMap":{"0":{"start":{"line":14,"column":20},"end":{"line":14,"column":31}},"1":{"start":{"line":15,"column":21},"end":{"line":15,"column":48}},"2":{"start":{"line":17,"column":19},"end":{"line":17,"column":32}},"3":{"start":{"line":18,"column":23},"end":{"line":20,"column":3}},"4":{"start":{"line":19,"column":4},"end":{"line":19,"column":31}},"5":{"start":{"line":22,"column":2},"end":{"line":24,"column":3}},"6":{"start":{"line":23,"column":4},"end":{"line":23,"column":23}},"7":{"start":{"line":26,"column":2},"end":{"line":63,"column":4}},"8":{"start":{"line":49,"column":12},"end":{"line":56,"column":21}},"9":{"start":{"line":52,"column":18},"end":{"line":52,"column":57}},"10":{"start":{"line":53,"column":19},"end":{"line":53,"column":56}}},"fnMap":{"0":{"name":"RestaurantDetails","decl":{"start":{"line":13,"column":9},"end":{"line":13,"column":26}},"loc":{"start":{"line":13,"column":29},"end":{"line":64,"column":1}},"line":13},"1":{"name":"(anonymous_1)","decl":{"start":{"line":18,"column":23},"end":{"line":18,"column":24}},"loc":{"start":{"line":18,"column":35},"end":{"line":20,"column":3}},"line":18},"2":{"name":"(anonymous_2)","decl":{"start":{"line":48,"column":111},"end":{"line":48,"column":112}},"loc":{"start":{"line":48,"column":131},"end":{"line":57,"column":11}},"line":48},"3":{"name":"(anonymous_3)","decl":{"start":{"line":51,"column":99},"end":{"line":51,"column":100}},"loc":{"start":{"line":51,"column":104},"end":{"line":54,"column":19}},"line":51}},"branchMap":{"0":{"loc":{"start":{"line":22,"column":2},"end":{"line":24,"column":3}},"type":"if","locations":[{"start":{"line":22,"column":2},"end":{"line":24,"column":3}},{"start":{},"end":{}}],"line":22}},"s":{"0":2,"1":2,"2":2,"3":2,"4":1,"5":2,"6":0,"7":2,"8":3,"9":1,"10":1},"f":{"0":2,"1":1,"2":3,"3":1},"b":{"0":[0,2]},"_coverageSchema":"1a1c01bbd47fc00a2c39e90264f33305004495a9","hash":"596ea37e499f1137ed026a9f2d90a15c529cf63a"}
,"/Users/apple/Desktop/React/React Akshay/lec 4.2/src/components/RestrauntCard.js": {"path":"/Users/apple/Desktop/React/React Akshay/lec 4.2/src/components/RestrauntCard.js","statementMap":{"0":{"start":{"line":5,"column":23},"end":{"line":20,"column":1}},"1":{"start":{"line":6,"column":2},"end":{"line":19,"column":4}}},"fnMap":{"0":{"name":"(anonymous_0)","decl":{"start":{"line":5,"column":23},"end":{"line":5,"column":24}},"loc":{"start":{"line":5,"column":88},"end":{"line":20,"column":1}},"line":5}},"branchMap":{},"s":{"0":1,"1":49},"f":{"0":49},"b":{},"_coverageSchema":"1a1c01bbd47fc00a2c39e90264f33305004495a9","hash":"d0c062ba1a04f1bf94055ba284874e036185e931"}
,"/Users/apple/Desktop/React/React Akshay/lec 4.2/src/components/Shimmer.js": {"path":"/Users/apple/Desktop/React/React Akshay/lec 4.2/src/components/Shimmer.js","statementMap":{"0":{"start":{"line":3,"column":16},"end":{"line":23,"column":1}},"1":{"start":{"line":4,"column":2},"end":{"line":22,"column":4}},"2":{"start":{"line":9,"column":10},"end":{"line":19,"column":16}}},"fnMap":{"0":{"name":"(anonymous_0)","decl":{"start":{"line":3,"column":16},"end":{"line":3,"column":17}},"loc":{"start":{"line":3,"column":22},"end":{"line":23,"column":1}},"line":3},"1":{"name":"(anonymous_1)","decl":{"start":{"line":8,"column":13},"end":{"line":8,"column":14}},"loc":{"start":{"line":9,"column":10},"end":{"line":19,"column":16}},"line":9}},"branchMap":{},"s":{"0":2,"1":6,"2":108},"f":{"0":6,"1":108},"b":{},"_coverageSchema":"1a1c01bbd47fc00a2c39e90264f33305004495a9","hash":"931819f1d8c960f819682ed66992df61dc0eca41"}
,"/Users/apple/Desktop/React/React Akshay/lec 4.2/src/components/sum.js": {"path":"/Users/apple/Desktop/React/React Akshay/lec 4.2/src/components/sum.js","statementMap":{"0":{"start":{"line":2,"column":4},"end":{"line":2,"column":15}}},"fnMap":{"0":{"name":"sum","decl":{"start":{"line":1,"column":16},"end":{"line":1,"column":19}},"loc":{"start":{"line":1,"column":25},"end":{"line":3,"column":1}},"line":1}},"branchMap":{},"s":{"0":1},"f":{"0":1},"b":{},"_coverageSchema":"1a1c01bbd47fc00a2c39e90264f33305004495a9","hash":"73a6579096a54856bad81988ec8156d03766b045"}
,"/Users/apple/Desktop/React/React Akshay/lec 4.2/src/mocks/data.js": {"path":"/Users/apple/Desktop/React/React Akshay/lec 4.2/src/mocks/data.js","statementMap":{"0":{"start":{"line":1,"column":24},"end":{"line":2366,"column":1}},"1":{"start":{"line":2368,"column":31},"end":{"line":4685,"column":1}}},"fnMap":{},"branchMap":{},"s":{"0":2,"1":2},"f":{},"b":{},"_coverageSchema":"1a1c01bbd47fc00a2c39e90264f33305004495a9","hash":"aa5814db4a2c870983cfb4865ede4a78f743ee84"}
,"/Users/apple/Desktop/React/React Akshay/lec 4.2/src/mocks/dummyLogo.js": {"path":"/Users/apple/Desktop/React/React Akshay/lec 4.2/src/mocks/dummyLogo.js","statementMap":{},"fnMap":{},"branchMap":{},"s":{},"f":{},"b":{},"_coverageSchema":"1a1c01bbd47fc00a2c39e90264f33305004495a9","hash":"10b96f53c5ff040a551452c29ac2191818ac5e06"}
,"/Users/apple/Desktop/React/React Akshay/lec 4.2/src/utils/cartSlice.js": {"path":"/Users/apple/Desktop/React/React Akshay/lec 4.2/src/utils/cartSlice.js","statementMap":{"0":{"start":{"line":3,"column":18},"end":{"line":19,"column":2}},"1":{"start":{"line":10,"column":6},"end":{"line":10,"column":39}},"2":{"start":{"line":13,"column":6},"end":{"line":13,"column":24}},"3":{"start":{"line":16,"column":6},"end":{"line":16,"column":23}},"4":{"start":{"line":21,"column":50},"end":{"line":21,"column":67}}},"fnMap":{"0":{"name":"(anonymous_0)","decl":{"start":{"line":9,"column":13},"end":{"line":9,"column":14}},"loc":{"start":{"line":9,"column":32},"end":{"line":11,"column":5}},"line":9},"1":{"name":"(anonymous_1)","decl":{"start":{"line":12,"column":16},"end":{"line":12,"column":17}},"loc":{"start":{"line":12,"column":35},"end":{"line":14,"column":5}},"line":12},"2":{"name":"(anonymous_2)","decl":{"start":{"line":15,"column":15},"end":{"line":15,"column":16}},"loc":{"start":{"line":15,"column":26},"end":{"line":17,"column":5}},"line":15}},"branchMap":{},"s":{"0":3,"1":1,"2":0,"3":0,"4":3},"f":{"0":1,"1":0,"2":0},"b":{},"_coverageSchema":"1a1c01bbd47fc00a2c39e90264f33305004495a9","hash":"6178833ee314521946f1935b9893998b2a8b6f3e"}
,"/Users/apple/Desktop/React/React Akshay/lec 4.2/src/utils/helper.js": {"path":"/Users/apple/Desktop/React/React Akshay/lec 4.2/src/utils/helper.js","statementMap":{"0":{"start":{"line":2,"column":4},"end":{"line":4,"column":6}},"1":{"start":{"line":3,"column":6},"end":{"line":3,"column":81}}},"fnMap":{"0":{"name":"filterData","decl":{"start":{"line":1,"column":16},"end":{"line":1,"column":26}},"loc":{"start":{"line":1,"column":64},"end":{"line":5,"column":3}},"line":1},"1":{"name":"(anonymous_1)","decl":{"start":{"line":2,"column":38},"end":{"line":2,"column":39}},"loc":{"start":{"line":2,"column":47},"end":{"line":4,"column":5}},"line":2}},"branchMap":{},"s":{"0":1,"1":15},"f":{"0":1,"1":15},"b":{},"_coverageSchema":"1a1c01bbd47fc00a2c39e90264f33305004495a9","hash":"c2c93568d4c7844022a5e1ee1e4e39e84e365055"}
,"/Users/apple/Desktop/React/React Akshay/lec 4.2/src/utils/store.js": {"path":"/Users/apple/Desktop/React/React Akshay/lec 4.2/src/utils/store.js","statementMap":{"0":{"start":{"line":6,"column":14},"end":{"line":10,"column":2}}},"fnMap":{},"branchMap":{},"s":{"0":3},"f":{},"b":{},"_coverageSchema":"1a1c01bbd47fc00a2c39e90264f33305004495a9","hash":"6c7d7d5ee6679441471e7d8c4f546b45f884fe21"}
,"/Users/apple/Desktop/React/React Akshay/lec 4.2/src/utils/useOnline.js": {"path":"/Users/apple/Desktop/React/React Akshay/lec 4.2/src/utils/useOnline.js","statementMap":{"0":{"start":{"line":4,"column":36},"end":{"line":4,"column":50}},"1":{"start":{"line":6,"column":4},"end":{"line":18,"column":9}},"2":{"start":{"line":7,"column":27},"end":{"line":7,"column":52}},"3":{"start":{"line":7,"column":33},"end":{"line":7,"column":50}},"4":{"start":{"line":8,"column":28},"end":{"line":8,"column":54}},"5":{"start":{"line":8,"column":34},"end":{"line":8,"column":52}},"6":{"start":{"line":9,"column":8},"end":{"line":9,"column":55}},"7":{"start":{"line":10,"column":8},"end":{"line":10,"column":57}},"8":{"start":{"line":12,"column":8},"end":{"line":17,"column":9}},"9":{"start":{"line":13,"column":12},"end":{"line":13,"column":61}},"10":{"start":{"line":14,"column":12},"end":{"line":14,"column":63}},"11":{"start":{"line":20,"column":2},"end":{"line":20,"column":17}}},"fnMap":{"0":{"name":"useOnline","decl":{"start":{"line":3,"column":9},"end":{"line":3,"column":18}},"loc":{"start":{"line":3,"column":21},"end":{"line":21,"column":1}},"line":3},"1":{"name":"(anonymous_1)","decl":{"start":{"line":6,"column":14},"end":{"line":6,"column":15}},"loc":{"start":{"line":6,"column":18},"end":{"line":18,"column":5}},"line":6},"2":{"name":"(anonymous_2)","decl":{"start":{"line":7,"column":27},"end":{"line":7,"column":28}},"loc":{"start":{"line":7,"column":31},"end":{"line":7,"column":52}},"line":7},"3":{"name":"(anonymous_3)","decl":{"start":{"line":8,"column":28},"end":{"line":8,"column":29}},"loc":{"start":{"line":8,"column":32},"end":{"line":8,"column":54}},"line":8},"4":{"name":"(anonymous_4)","decl":{"start":{"line":12,"column":17},"end":{"line":12,"column":18}},"loc":{"start":{"line":12,"column":22},"end":{"line":16,"column":11}},"line":12}},"branchMap":{},"s":{"0":12,"1":12,"2":3,"3":0,"4":3,"5":0,"6":3,"7":3,"8":3,"9":3,"10":3,"11":12},"f":{"0":12,"1":3,"2":0,"3":0,"4":3},"b":{},"_coverageSchema":"1a1c01bbd47fc00a2c39e90264f33305004495a9","hash":"9be0f23e5887a60f6ca97783ebf3ea105845cb94"}
,"/Users/apple/Desktop/React/React Akshay/lec 4.2/src/utils/useRestaurant.js": {"path":"/Users/apple/Desktop/React/React Akshay/lec 4.2/src/utils/useRestaurant.js","statementMap":{"0":{"start":{"line":7,"column":38},"end":{"line":7,"column":50}},"1":{"start":{"line":9,"column":2},"end":{"line":14,"column":9}},"2":{"start":{"line":10,"column":4},"end":{"line":10,"column":27}},"3":{"start":{"line":11,"column":4},"end":{"line":13,"column":8}},"4":{"start":{"line":12,"column":6},"end":{"line":12,"column":62}},"5":{"start":{"line":17,"column":17},"end":{"line":19,"column":5}},"6":{"start":{"line":20,"column":21},"end":{"line":20,"column":38}},"7":{"start":{"line":22,"column":4},"end":{"line":22,"column":28}},"8":{"start":{"line":25,"column":2},"end":{"line":25,"column":21}}},"fnMap":{"0":{"name":"useRestaurantDetails","decl":{"start":{"line":5,"column":9},"end":{"line":5,"column":29}},"loc":{"start":{"line":5,"column":37},"end":{"line":26,"column":1}},"line":5},"1":{"name":"(anonymous_1)","decl":{"start":{"line":9,"column":12},"end":{"line":9,"column":13}},"loc":{"start":{"line":9,"column":18},"end":{"line":14,"column":3}},"line":9},"2":{"name":"(anonymous_2)","decl":{"start":{"line":11,"column":11},"end":{"line":11,"column":12}},"loc":{"start":{"line":11,"column":17},"end":{"line":13,"column":7}},"line":11},"3":{"name":"getRestaurantDetails","decl":{"start":{"line":16,"column":17},"end":{"line":16,"column":37}},"loc":{"start":{"line":16,"column":40},"end":{"line":23,"column":3}},"line":16}},"branchMap":{},"s":{"0":2,"1":2,"2":1,"3":1,"4":1,"5":1,"6":1,"7":1,"8":2},"f":{"0":2,"1":1,"2":1,"3":1},"b":{},"_coverageSchema":"1a1c01bbd47fc00a2c39e90264f33305004495a9","hash":"8f5c16168e3f34307a2a82adb5a75d47c469c5aa"}
,"/Users/apple/Desktop/React/React Akshay/lec 4.2/src/utils/useRestaurantList.js": {"path":"/Users/apple/Desktop/React/React Akshay/lec 4.2/src/utils/useRestaurantList.js","statementMap":{"0":{"start":{"line":4,"column":46},"end":{"line":4,"column":58}},"1":{"start":{"line":7,"column":2},"end":{"line":9,"column":9}},"2":{"start":{"line":8,"column":4},"end":{"line":8,"column":20}},"3":{"start":{"line":13,"column":17},"end":{"line":15,"column":5}},"4":{"start":{"line":16,"column":21},"end":{"line":16,"column":38}},"5":{"start":{"line":19,"column":4},"end":{"line":19,"column":67}},"6":{"start":{"line":21,"column":2},"end":{"line":21,"column":23}}},"fnMap":{"0":{"name":"useRestaurantList","decl":{"start":{"line":2,"column":9},"end":{"line":2,"column":26}},"loc":{"start":{"line":2,"column":29},"end":{"line":22,"column":1}},"line":2},"1":{"name":"(anonymous_1)","decl":{"start":{"line":7,"column":12},"end":{"line":7,"column":13}},"loc":{"start":{"line":7,"column":18},"end":{"line":9,"column":3}},"line":7},"2":{"name":"getRestaurant","decl":{"start":{"line":12,"column":17},"end":{"line":12,"column":30}},"loc":{"start":{"line":12,"column":33},"end":{"line":20,"column":3}},"line":12}},"branchMap":{},"s":{"0":12,"1":12,"2":3,"3":3,"4":3,"5":3,"6":12},"f":{"0":12,"1":3,"2":3},"b":{},"_coverageSchema":"1a1c01bbd47fc00a2c39e90264f33305004495a9","hash":"52412ff256c8318546430717966f989f1d74e569"}
,"/Users/apple/Desktop/React/React Akshay/lec 4.2/src/utils/userContext.js": {"path":"/Users/apple/Desktop/React/React Akshay/lec 4.2/src/utils/userContext.js","statementMap":{"0":{"start":{"line":3,"column":19},"end":{"line":8,"column":2}}},"fnMap":{},"branchMap":{},"s":{"0":3},"f":{},"b":{},"_coverageSchema":"1a1c01bbd47fc00a2c39e90264f33305004495a9","hash":"8b035dc6945b0cfff9bb1d85f28304de463b6fd7"}
}
