TN:
SF:src/config.js
FNF:0
FNH:0
DA:1,2
DA:3,2
DA:13,2
LF:3
LH:3
BRF:0
BRH:0
end_of_record
TN:
SF:src/components/Body.js
FN:13,(anonymous_0)
FN:22,(anonymous_1)
FN:44,(anonymous_2)
FN:49,(anonymous_3)
FN:60,(anonymous_4)
FN:67,(anonymous_5)
FN:82,(anonymous_6)
FNF:7
FNH:5
FNDA:13,(anonymous_0)
FNDA:5,(anonymous_1)
FNDA:1,(anonymous_2)
FNDA:1,(anonymous_3)
FNDA:0,(anonymous_4)
FNDA:0,(anonymous_5)
FNDA:49,(anonymous_6)
DA:13,1
DA:15,13
DA:16,12
DA:17,12
DA:20,12
DA:22,12
DA:23,5
DA:27,12
DA:29,12
DA:30,0
DA:34,12
DA:44,1
DA:50,1
DA:51,1
DA:60,0
DA:67,0
DA:83,49
LF:17
LH:14
BRDA:29,0,0,0
BRDA:29,0,1,12
BRDA:34,1,0,6
BRDA:34,1,1,6
BRDA:76,2,0,2
BRDA:76,2,1,4
BRF:6
BRH:5
end_of_record
TN:
SF:src/components/Header.js
FN:11,Title
FN:26,(anonymous_1)
FN:30,(anonymous_2)
FN:73,(anonymous_3)
FN:82,(anonymous_4)
FNF:5
FNH:3
FNDA:5,Title
FNDA:5,(anonymous_1)
FNDA:6,(anonymous_2)
FNDA:0,(anonymous_3)
FNDA:0,(anonymous_4)
DA:12,5
DA:26,2
DA:28,5
DA:29,5
DA:30,6
DA:32,5
DA:74,0
DA:83,0
LF:8
LH:6
BRDA:68,0,0,0
BRDA:68,0,1,5
BRDA:70,1,0,0
BRDA:70,1,1,5
BRF:4
BRH:2
end_of_record
TN:
SF:src/components/RestaurantDetails.js
FN:13,RestaurantDetails
FN:18,(anonymous_1)
FN:48,(anonymous_2)
FN:51,(anonymous_3)
FNF:4
FNH:4
FNDA:2,RestaurantDetails
FNDA:1,(anonymous_1)
FNDA:3,(anonymous_2)
FNDA:1,(anonymous_3)
DA:14,2
DA:15,2
DA:17,2
DA:18,2
DA:19,1
DA:22,2
DA:23,0
DA:26,2
DA:49,3
DA:52,1
DA:53,1
LF:11
LH:10
BRDA:22,0,0,0
BRDA:22,0,1,2
BRF:2
BRH:1
end_of_record
TN:
SF:src/components/RestrauntCard.js
FN:5,(anonymous_0)
FNF:1
FNH:1
FNDA:49,(anonymous_0)
DA:5,1
DA:6,49
LF:2
LH:2
BRF:0
BRH:0
end_of_record
TN:
SF:src/components/Shimmer.js
FN:3,(anonymous_0)
FN:8,(anonymous_1)
FNF:2
FNH:2
FNDA:6,(anonymous_0)
FNDA:108,(anonymous_1)
DA:3,2
DA:4,6
DA:9,108
LF:3
LH:3
BRF:0
BRH:0
end_of_record
TN:
SF:src/components/sum.js
FN:1,sum
FNF:1
FNH:1
FNDA:1,sum
DA:2,1
LF:1
LH:1
BRF:0
BRH:0
end_of_record
TN:
SF:src/mocks/data.js
FNF:0
FNH:0
DA:1,2
DA:2368,2
LF:2
LH:2
BRF:0
BRH:0
end_of_record
TN:
SF:src/mocks/dummyLogo.js
FNF:0
FNH:0
LF:0
LH:0
BRF:0
BRH:0
end_of_record
TN:
SF:src/utils/cartSlice.js
FN:9,(anonymous_0)
FN:12,(anonymous_1)
FN:15,(anonymous_2)
FNF:3
FNH:1
FNDA:1,(anonymous_0)
FNDA:0,(anonymous_1)
FNDA:0,(anonymous_2)
DA:3,3
DA:10,1
DA:13,0
DA:16,0
DA:21,3
LF:5
LH:3
BRF:0
BRH:0
end_of_record
TN:
SF:src/utils/helper.js
FN:1,filterData
FN:2,(anonymous_1)
FNF:2
FNH:2
FNDA:1,filterData
FNDA:15,(anonymous_1)
DA:2,1
DA:3,15
LF:2
LH:2
BRF:0
BRH:0
end_of_record
TN:
SF:src/utils/store.js
FNF:0
FNH:0
DA:6,3
LF:1
LH:1
BRF:0
BRH:0
end_of_record
TN:
SF:src/utils/useOnline.js
FN:3,useOnline
FN:6,(anonymous_1)
FN:7,(anonymous_2)
FN:8,(anonymous_3)
FN:12,(anonymous_4)
FNF:5
FNH:3
FNDA:12,useOnline
FNDA:3,(anonymous_1)
FNDA:0,(anonymous_2)
FNDA:0,(anonymous_3)
FNDA:3,(anonymous_4)
DA:4,12
DA:6,12
DA:7,3
DA:8,3
DA:9,3
DA:10,3
DA:12,3
DA:13,3
DA:14,3
DA:20,12
LF:10
LH:10
BRF:0
BRH:0
end_of_record
TN:
SF:src/utils/useRestaurant.js
FN:5,useRestaurantDetails
FN:9,(anonymous_1)
FN:11,(anonymous_2)
FN:16,getRestaurantDetails
FNF:4
FNH:4
FNDA:2,useRestaurantDetails
FNDA:1,(anonymous_1)
FNDA:1,(anonymous_2)
FNDA:1,getRestaurantDetails
DA:7,2
DA:9,2
DA:10,1
DA:11,1
DA:12,1
DA:17,1
DA:20,1
DA:22,1
DA:25,2
LF:9
LH:9
BRF:0
BRH:0
end_of_record
TN:
SF:src/utils/useRestaurantList.js
FN:2,useRestaurantList
FN:7,(anonymous_1)
FN:12,getRestaurant
FNF:3
FNH:3
FNDA:12,useRestaurantList
FNDA:3,(anonymous_1)
FNDA:3,getRestaurant
DA:4,12
DA:7,12
DA:8,3
DA:13,3
DA:16,3
DA:19,3
DA:21,12
LF:7
LH:7
BRF:0
BRH:0
end_of_record
TN:
SF:src/utils/userContext.js
FNF:0
FNH:0
DA:3,3
LF:1
LH:1
BRF:0
BRH:0
end_of_record
